<?xml version="1.0" encoding="UTF-8"?>
<testng-results total="1" passed="1" failed="0" skipped="0">
  <reporter-output>
  </reporter-output>
  <suite started-at="2018-05-09T03:43:58Z" name="Default suite" finished-at="2018-05-09T03:44:11Z" duration-ms="12834">
    <groups>
    </groups>
    <test started-at="2018-05-09T03:43:58Z" name="Default test" finished-at="2018-05-09T03:44:11Z" duration-ms="12834">
      <class name="qsq.gittest.AppTest">
        <test-method signature="testApp()[pri:0, instance:qsq.gittest.AppTest@3d34d211]" started-at="2018-05-08T23:43:58Z" name="testApp" finished-at="2018-05-08T23:44:11Z" duration-ms="12691" status="PASS">
          <reporter-output>
          </reporter-output>
        </test-method> <!-- testApp -->
      </class> <!-- qsq.gittest.AppTest -->
    </test> <!-- Default test -->
  </suite> <!-- Default suite -->
</testng-results>
