<?xml version="1.0" encoding="UTF-8"?>
<testng-results total="1" passed="1" failed="0" skipped="0">
  <reporter-output>
  </reporter-output>
  <suite started-at="2018-05-15T19:48:13Z" name="Default suite" finished-at="2018-05-15T19:48:21Z" duration-ms="7580">
    <groups>
    </groups>
    <test started-at="2018-05-15T19:48:13Z" name="Default test" finished-at="2018-05-15T19:48:21Z" duration-ms="7580">
      <class name="qsq.gittest.AppTest">
        <test-method signature="testApp()[pri:0, instance:qsq.gittest.AppTest@6f4a47c7]" started-at="2018-05-15T15:48:13Z" name="testApp" finished-at="2018-05-15T15:48:21Z" duration-ms="7523" status="PASS">
          <reporter-output>
          </reporter-output>
        </test-method> <!-- testApp -->
      </class> <!-- qsq.gittest.AppTest -->
    </test> <!-- Default test -->
  </suite> <!-- Default suite -->
</testng-results>
